wandb: [wandb.login()] Using explicit session credentials for https://api.wandb.ai.
wandb: Appending key for api.wandb.ai to your netrc file: /home/ysunem/.netrc
wandb: Currently logged in as: ysunem (ysunem-hong-kong-university-of-science-and-technology) to https://api.wandb.ai. Use `wandb login --relogin` to force relogin
wandb: setting up run 0hdgcidl
wandb: Tracking run with wandb version 0.25.0
wandb: Run data is saved locally in /scratch/peilab/ysunem/26.2/2.27_CausVid/result/wan_causal_dmd/wandb/run-20260228_040436-0hdgcidl
wandb: Run `wandb offline` to turn off syncing.
wandb: Syncing run jolly-moon-1
wandb: ‚≠êÔ∏è View project at https://wandb.ai/ysunem-hong-kong-university-of-science-and-technology/2026.2.26_CausVid
wandb: üöÄ View run at https://wandb.ai/ysunem-hong-kong-university-of-science-and-technology/2026.2.26_CausVid/runs/0hdgcidl
run dir: /scratch/peilab/ysunem/26.2/2.27_CausVid/result/wan_causal_dmd/wandb/run-20260228_040436-0hdgcidl/files
Traceback (most recent call last):
  File "/home/ysunem/miniconda3/envs/causvid/lib/python3.10/site-packages/diffusers/configuration_utils.py", line 392, in load_config
    config_file = hf_hub_download(
  File "/home/ysunem/miniconda3/envs/causvid/lib/python3.10/site-packages/huggingface_hub/utils/_validators.py", line 85, in _inner_fn
    validate_repo_id(arg_value)
  File "/home/ysunem/miniconda3/envs/causvid/lib/python3.10/site-packages/huggingface_hub/utils/_validators.py", line 129, in validate_repo_id
    raise HFValidationError(
huggingface_hub.errors.HFValidationError: Repo id must be in the form 'repo_name' or 'namespace/repo_name': 'wan_models/Wan2.1-T2V-1.3B/'. Use `repo_type` argument if needed.

During handling of the above exception, another exception occurred:

Traceback (most recent call last):
  File "/home/ysunem/26.2/2.27_CausVid/code/causvid/train_distillation.py", line 348, in <module>
    main()
  File "/home/ysunem/26.2/2.27_CausVid/code/causvid/train_distillation.py", line 341, in main
    trainer = Trainer(config)
  File "/home/ysunem/26.2/2.27_CausVid/code/causvid/train_distillation.py", line 51, in __init__
    self.distillation_model = DMD(config, device=self.device)
  File "/home/ysunem/26.2/2.27_CausVid/code/causvid/dmd.py", line 38, in __init__
    self.generator = get_diffusion_wrapper(
  File "/home/ysunem/26.2/2.27_CausVid/code/causvid/models/wan/wan_wrapper.py", line 207, in __init__
    super().__init__()
  File "/home/ysunem/26.2/2.27_CausVid/code/causvid/models/wan/wan_wrapper.py", line 99, in __init__
    self.model = WanModel.from_pretrained("wan_models/Wan2.1-T2V-1.3B/")
  File "/home/ysunem/miniconda3/envs/causvid/lib/python3.10/site-packages/huggingface_hub/utils/_validators.py", line 89, in _inner_fn
    return fn(*args, **kwargs)
  File "/home/ysunem/miniconda3/envs/causvid/lib/python3.10/site-packages/diffusers/models/modeling_utils.py", line 1062, in from_pretrained
    config, unused_kwargs, commit_hash = cls.load_config(
  File "/home/ysunem/miniconda3/envs/causvid/lib/python3.10/site-packages/huggingface_hub/utils/_validators.py", line 89, in _inner_fn
    return fn(*args, **kwargs)
  File "/home/ysunem/miniconda3/envs/causvid/lib/python3.10/site-packages/diffusers/configuration_utils.py", line 428, in load_config
    raise EnvironmentError(
OSError: We couldn't connect to 'https://huggingface.co' to load this model, couldn't find it in the cached files and it looks like wan_models/Wan2.1-T2V-1.3B/ is not the path to a directory containing a config.json file.
Checkout your internet connection or see how to run the library in offline mode at 'https://huggingface.co/docs/diffusers/installation#offline-mode'.
[rank0]: Traceback (most recent call last):
[rank0]:   File "/home/ysunem/miniconda3/envs/causvid/lib/python3.10/site-packages/diffusers/configuration_utils.py", line 392, in load_config
[rank0]:     config_file = hf_hub_download(
[rank0]:   File "/home/ysunem/miniconda3/envs/causvid/lib/python3.10/site-packages/huggingface_hub/utils/_validators.py", line 85, in _inner_fn
[rank0]:     validate_repo_id(arg_value)
[rank0]:   File "/home/ysunem/miniconda3/envs/causvid/lib/python3.10/site-packages/huggingface_hub/utils/_validators.py", line 129, in validate_repo_id
[rank0]:     raise HFValidationError(
[rank0]: huggingface_hub.errors.HFValidationError: Repo id must be in the form 'repo_name' or 'namespace/repo_name': 'wan_models/Wan2.1-T2V-1.3B/'. Use `repo_type` argument if needed.

[rank0]: During handling of the above exception, another exception occurred:

[rank0]: Traceback (most recent call last):
[rank0]:   File "/home/ysunem/26.2/2.27_CausVid/code/causvid/train_distillation.py", line 348, in <module>
[rank0]:     main()
[rank0]:   File "/home/ysunem/26.2/2.27_CausVid/code/causvid/train_distillation.py", line 341, in main
[rank0]:     trainer = Trainer(config)
[rank0]:   File "/home/ysunem/26.2/2.27_CausVid/code/causvid/train_distillation.py", line 51, in __init__
[rank0]:     self.distillation_model = DMD(config, device=self.device)
[rank0]:   File "/home/ysunem/26.2/2.27_CausVid/code/causvid/dmd.py", line 38, in __init__
[rank0]:     self.generator = get_diffusion_wrapper(
[rank0]:   File "/home/ysunem/26.2/2.27_CausVid/code/causvid/models/wan/wan_wrapper.py", line 207, in __init__
[rank0]:     super().__init__()
[rank0]:   File "/home/ysunem/26.2/2.27_CausVid/code/causvid/models/wan/wan_wrapper.py", line 99, in __init__
[rank0]:     self.model = WanModel.from_pretrained("wan_models/Wan2.1-T2V-1.3B/")
[rank0]:   File "/home/ysunem/miniconda3/envs/causvid/lib/python3.10/site-packages/huggingface_hub/utils/_validators.py", line 89, in _inner_fn
[rank0]:     return fn(*args, **kwargs)
[rank0]:   File "/home/ysunem/miniconda3/envs/causvid/lib/python3.10/site-packages/diffusers/models/modeling_utils.py", line 1062, in from_pretrained
[rank0]:     config, unused_kwargs, commit_hash = cls.load_config(
[rank0]:   File "/home/ysunem/miniconda3/envs/causvid/lib/python3.10/site-packages/huggingface_hub/utils/_validators.py", line 89, in _inner_fn
[rank0]:     return fn(*args, **kwargs)
[rank0]:   File "/home/ysunem/miniconda3/envs/causvid/lib/python3.10/site-packages/diffusers/configuration_utils.py", line 428, in load_config
[rank0]:     raise EnvironmentError(
[rank0]: OSError: We couldn't connect to 'https://huggingface.co' to load this model, couldn't find it in the cached files and it looks like wan_models/Wan2.1-T2V-1.3B/ is not the path to a directory containing a config.json file.
[rank0]: Checkout your internet connection or see how to run the library in offline mode at 'https://huggingface.co/docs/diffusers/installation#offline-mode'.
[1;34mwandb[0m: 
[1;34mwandb[0m: üöÄ View run [33mjolly-moon-1[0m at: [34mhttps://wandb.ai/ysunem-hong-kong-university-of-science-and-technology/2026.2.26_CausVid/runs/0hdgcidl[0m
[1;34mwandb[0m: Find logs at: [1;35m../../../../../scratch/peilab/ysunem/26.2/2.27_CausVid/result/wan_causal_dmd/wandb/run-20260228_040436-0hdgcidl/logs[0m
[rank0]:[W228 04:04:51.865741855 ProcessGroupNCCL.cpp:1553] Warning: WARNING: destroy_process_group() was not called before program exit, which can leak resources. For more info, please see https://pytorch.org/docs/stable/distributed.html#shutdown (function operator())
E0228 04:04:52.765000 2085520 site-packages/torch/distributed/elastic/multiprocessing/api.py:984] failed (exitcode: 1) local_rank: 0 (pid: 2085748) of binary: /home/ysunem/miniconda3/envs/causvid/bin/python
Traceback (most recent call last):
  File "/home/ysunem/miniconda3/envs/causvid/lib/python3.10/runpy.py", line 196, in _run_module_as_main
    return _run_code(code, main_globals, None,
  File "/home/ysunem/miniconda3/envs/causvid/lib/python3.10/runpy.py", line 86, in _run_code
    exec(code, run_globals)
  File "/home/ysunem/miniconda3/envs/causvid/lib/python3.10/site-packages/torch/distributed/run.py", line 995, in <module>
    main()
  File "/home/ysunem/miniconda3/envs/causvid/lib/python3.10/site-packages/torch/distributed/elastic/multiprocessing/errors/__init__.py", line 362, in wrapper
    return f(*args, **kwargs)
  File "/home/ysunem/miniconda3/envs/causvid/lib/python3.10/site-packages/torch/distributed/run.py", line 991, in main
    run(args)
  File "/home/ysunem/miniconda3/envs/causvid/lib/python3.10/site-packages/torch/distributed/run.py", line 982, in run
    elastic_launch(
  File "/home/ysunem/miniconda3/envs/causvid/lib/python3.10/site-packages/torch/distributed/launcher/api.py", line 170, in __call__
    return launch_agent(self._config, self._entrypoint, list(args))
  File "/home/ysunem/miniconda3/envs/causvid/lib/python3.10/site-packages/torch/distributed/launcher/api.py", line 317, in launch_agent
    raise ChildFailedError(
torch.distributed.elastic.multiprocessing.errors.ChildFailedError: 
============================================================
causvid/train_distillation.py FAILED
------------------------------------------------------------
Failures:
  <NO_OTHER_FAILURES>
------------------------------------------------------------
Root Cause (first observed failure):
[0]:
  time      : 2026-02-28_04:04:52
  host      : dgx-04.cm.cluster
  rank      : 0 (local_rank: 0)
  exitcode  : 1 (pid: 2085748)
  error_file: <N/A>
  traceback : To enable traceback see: https://pytorch.org/docs/stable/elastic/errors.html
============================================================
